


ARM Macro Assembler    Page 1 


    1 00000000         ;/******************************************************
                       ************************
    2 00000000         ; * @file     startup_Mini51Series.s
    3 00000000         ; * @version  V1.00
    4 00000000         ; * $Revision: 4 $
    5 00000000         ; * $Date: 13/10/07 4:32p $ 
    6 00000000         ; * @brief    CMSIS ARM Cortex-M0 Core Device Startup Fi
                       le
    7 00000000         ; *
    8 00000000         ; * @note
    9 00000000         ; * Copyright (C) 2013 Nuvoton Technology Corp. All righ
                       ts reserved.
   10 00000000         ;*******************************************************
                       **********************/  
   11 00000000         
   12 00000000 00000200 
                       Stack_Size
                               EQU              0x00000200
   13 00000000         
   14 00000000                 AREA             STACK, NOINIT, READWRITE, ALIGN
=3
   15 00000000         Stack_Mem
                               SPACE            Stack_Size
   16 00000200         __initial_sp
   17 00000200         
   18 00000200         
   19 00000200         ; <h> Heap Configuration
   20 00000200         ;   <o>  Heap Size (in Bytes) <0x0-0xFFFFFFFF:8>
   21 00000200         ; </h>
   22 00000200         
   23 00000200 00000000 
                       Heap_Size
                               EQU              0x00000000
   24 00000200         
   25 00000200                 AREA             HEAP, NOINIT, READWRITE, ALIGN=
3
   26 00000000         __heap_base
   27 00000000         Heap_Mem
                               SPACE            Heap_Size
   28 00000000         __heap_limit
   29 00000000         
   30 00000000         
   31 00000000                 PRESERVE8
   32 00000000                 THUMB
   33 00000000         
   34 00000000         
   35 00000000         ; Vector Table Mapped to Address 0 at Reset
   36 00000000                 AREA             RESET, DATA, READONLY
   37 00000000                 EXPORT           __Vectors
   38 00000000         
   39 00000000 00000000 
                       __Vectors
                               DCD              __initial_sp ; Top of Stack
   40 00000004 00000000        DCD              Reset_Handler ; Reset Handler
   41 00000008 00000000        DCD              NMI_Handler ; NMI Handler
   42 0000000C 00000000        DCD              HardFault_Handler ; Hard Fault 
                                                            Handler
   43 00000010 00000000        DCD              0           ; Reserved
   44 00000014 00000000        DCD              0           ; Reserved



ARM Macro Assembler    Page 2 


   45 00000018 00000000        DCD              0           ; Reserved
   46 0000001C 00000000        DCD              0           ; Reserved
   47 00000020 00000000        DCD              0           ; Reserved
   48 00000024 00000000        DCD              0           ; Reserved
   49 00000028 00000000        DCD              0           ; Reserved
   50 0000002C 00000000        DCD              SVC_Handler ; SVCall Handler
   51 00000030 00000000        DCD              0           ; Reserved
   52 00000034 00000000        DCD              0           ; Reserved
   53 00000038 00000000        DCD              PendSV_Handler ; PendSV Handler
                                                            
   54 0000003C 00000000        DCD              SysTick_Handler 
                                                            ; SysTick Handler
   55 00000040         
   56 00000040         ; External Interrupts
   57 00000040         ; maximum of 32 External Interrupts are possible
   58 00000040 00000000        DCD              BOD_IRQHandler
   59 00000044 00000000        DCD              WDT_IRQHandler
   60 00000048 00000000        DCD              EINT0_IRQHandler
   61 0000004C 00000000        DCD              EINT1_IRQHandler
   62 00000050 00000000        DCD              GPIO01_IRQHandler
   63 00000054 00000000        DCD              GPIO234_IRQHandler
   64 00000058 00000000        DCD              PWM_IRQHandler
   65 0000005C 00000000        DCD              FB_IRQHandler
   66 00000060 00000000        DCD              TMR0_IRQHandler
   67 00000064 00000000        DCD              TMR1_IRQHandler
   68 00000068 00000000        DCD              Default_Handler
   69 0000006C 00000000        DCD              Default_Handler
   70 00000070 00000000        DCD              UART_IRQHandler
   71 00000074 00000000        DCD              Default_Handler
   72 00000078 00000000        DCD              SPI_IRQHandler
   73 0000007C 00000000        DCD              Default_Handler
   74 00000080 00000000        DCD              GPIO5_IRQHandler
   75 00000084 00000000        DCD              HIRC_IRQHandler
   76 00000088 00000000        DCD              I2C_IRQHandler
   77 0000008C 00000000        DCD              Default_Handler
   78 00000090 00000000        DCD              Default_Handler
   79 00000094 00000000        DCD              Default_Handler
   80 00000098 00000000        DCD              Default_Handler
   81 0000009C 00000000        DCD              Default_Handler
   82 000000A0 00000000        DCD              Default_Handler
   83 000000A4 00000000        DCD              ACMP_IRQHandler
   84 000000A8 00000000        DCD              Default_Handler
   85 000000AC 00000000        DCD              Default_Handler
   86 000000B0 00000000        DCD              PDWU_IRQHandler
   87 000000B4 00000000        DCD              ADC_IRQHandler
   88 000000B8 00000000        DCD              Default_Handler
   89 000000BC 00000000        DCD              Default_Handler
   90 000000C0         
   91 000000C0         
   92 000000C0                 AREA             |.text|, CODE, READONLY
   93 00000000         
   94 00000000         
   95 00000000         
   96 00000000         ; Reset Handler 
   97 00000000         
   98 00000000                 ENTRY
   99 00000000         
  100 00000000         Reset_Handler
                               PROC



ARM Macro Assembler    Page 3 


  101 00000000                 EXPORT           Reset_Handler             [WEAK
]
  102 00000000                 IMPORT           __main
  103 00000000         
  104 00000000 4803            LDR              R0, =__main
  105 00000002 4700            BX               R0
  106 00000004                 ENDP
  107 00000004         
  108 00000004         
  109 00000004         
  110 00000004         ; Dummy Exception Handlers (infinite loops which can be 
                       modified)                
  111 00000004         
  112 00000004         NMI_Handler
                               PROC
  113 00000004                 EXPORT           NMI_Handler               [WEAK
]
  114 00000004 E7FE            B                .
  115 00000006                 ENDP
  117 00000006         HardFault_Handler
                               PROC
  118 00000006                 EXPORT           HardFault_Handler         [WEAK
]
  119 00000006                 IF               :DEF:DEBUG_ENABLE_SEMIHOST
  139                          ENDIF
  140 00000006         
  141 00000006 E7FE            B                .
  142 00000008                 ENDP
  143 00000008         SVC_Handler
                               PROC
  144 00000008                 EXPORT           SVC_Handler               [WEAK
]
  145 00000008 E7FE            B                .
  146 0000000A                 ENDP
  147 0000000A         PendSV_Handler
                               PROC
  148 0000000A                 EXPORT           PendSV_Handler            [WEAK
]
  149 0000000A E7FE            B                .
  150 0000000C                 ENDP
  151 0000000C         SysTick_Handler
                               PROC
  152 0000000C                 EXPORT           SysTick_Handler           [WEAK
]
  153 0000000C E7FE            B                .
  154 0000000E                 ENDP
  155 0000000E         
  156 0000000E         Default_Handler
                               PROC
  157 0000000E         
  158 0000000E                 EXPORT           BOD_IRQHandler            [WEAK
]
  159 0000000E                 EXPORT           WDT_IRQHandler            [WEAK
]
  160 0000000E                 EXPORT           EINT0_IRQHandler          [WEAK
]
  161 0000000E                 EXPORT           EINT1_IRQHandler          [WEAK
]
  162 0000000E                 EXPORT           GPIO01_IRQHandler         [WEAK



ARM Macro Assembler    Page 4 


]
  163 0000000E                 EXPORT           GPIO234_IRQHandler        [WEAK
]
  164 0000000E                 EXPORT           PWM_IRQHandler            [WEAK
]
  165 0000000E                 EXPORT           FB_IRQHandler             [WEAK
]
  166 0000000E                 EXPORT           TMR0_IRQHandler           [WEAK
]
  167 0000000E                 EXPORT           TMR1_IRQHandler           [WEAK
]
  168 0000000E                 EXPORT           UART_IRQHandler           [WEAK
]
  169 0000000E                 EXPORT           SPI_IRQHandler           [WEAK]
  170 0000000E                 EXPORT           GPIO5_IRQHandler          [WEAK
]
  171 0000000E                 EXPORT           HIRC_IRQHandler           [WEAK
]
  172 0000000E                 EXPORT           I2C_IRQHandler            [WEAK
]
  173 0000000E                 EXPORT           ACMP_IRQHandler           [WEAK
]
  174 0000000E                 EXPORT           PDWU_IRQHandler           [WEAK
]
  175 0000000E                 EXPORT           ADC_IRQHandler            [WEAK
]
  176 0000000E         
  177 0000000E         BOD_IRQHandler
  178 0000000E         WDT_IRQHandler
  179 0000000E         EINT0_IRQHandler
  180 0000000E         EINT1_IRQHandler
  181 0000000E         GPIO01_IRQHandler
  182 0000000E         GPIO234_IRQHandler
  183 0000000E         PWM_IRQHandler
  184 0000000E         FB_IRQHandler
  185 0000000E         TMR0_IRQHandler
  186 0000000E         TMR1_IRQHandler
  187 0000000E         UART_IRQHandler
  188 0000000E         SPI_IRQHandler
  189 0000000E         GPIO5_IRQHandler
  190 0000000E         HIRC_IRQHandler
  191 0000000E         I2C_IRQHandler
  192 0000000E         ACMP_IRQHandler
  193 0000000E         PDWU_IRQHandler
  194 0000000E         ADC_IRQHandler
  195 0000000E E7FE            B                .
  196 00000010                 ENDP
  197 00000010         
  198 00000010         
  199 00000010                 ALIGN
  200 00000010         
  201 00000010         
  202 00000010         ; User Initial Stack & Heap
  203 00000010         
  204 00000010                 IF               :DEF:__MICROLIB
  205 00000010         
  206 00000010                 EXPORT           __initial_sp
  207 00000010                 EXPORT           __heap_base
  208 00000010                 EXPORT           __heap_limit



ARM Macro Assembler    Page 5 


  209 00000010         
  210 00000010                 ELSE
  224                          ENDIF
  225 00000010                 IF               :DEF:DEBUG_ENABLE_SEMIHOST
  257                          ENDIF
  258 00000010         
  259 00000010         
  260 00000010                 END
              00000000 
Command Line: --16 --debug --xref --diag_suppress=9931 --cpu=Cortex-M0 --apcs=i
nterwork --depend=.\obj\startup_mini51series.d -o.\obj\startup_mini51series.o -
IG:\Geek\Projects\Zulolo_F\Force\Code\Zulolo_F_Force\RTE -ID:\Keil_v5\ARM\PACK\
Nuvoton\NuMicro_DFP\1.0.7\Device\Mini51\Include -ID:\Keil_v5\ARM\CMSIS\Include 
-I\ --predefine="__MICROLIB SETA 1" --predefine="__UVISION_VERSION SETA 518" --
list=.\lst\startup_mini51series.lst CMSIS\startup_Mini51Series.s



ARM Macro Assembler    Page 1 Alphabetic symbol ordering
Relocatable symbols

STACK 00000000

Symbol: STACK
   Definitions
      At line 14 in file CMSIS\startup_Mini51Series.s
   Uses
      None
Comment: STACK unused
Stack_Mem 00000000

Symbol: Stack_Mem
   Definitions
      At line 15 in file CMSIS\startup_Mini51Series.s
   Uses
      None
Comment: Stack_Mem unused
__initial_sp 00000200

Symbol: __initial_sp
   Definitions
      At line 16 in file CMSIS\startup_Mini51Series.s
   Uses
      At line 39 in file CMSIS\startup_Mini51Series.s
      At line 206 in file CMSIS\startup_Mini51Series.s

3 symbols



ARM Macro Assembler    Page 1 Alphabetic symbol ordering
Relocatable symbols

HEAP 00000000

Symbol: HEAP
   Definitions
      At line 25 in file CMSIS\startup_Mini51Series.s
   Uses
      None
Comment: HEAP unused
Heap_Mem 00000000

Symbol: Heap_Mem
   Definitions
      At line 27 in file CMSIS\startup_Mini51Series.s
   Uses
      None
Comment: Heap_Mem unused
__heap_base 00000000

Symbol: __heap_base
   Definitions
      At line 26 in file CMSIS\startup_Mini51Series.s
   Uses
      At line 207 in file CMSIS\startup_Mini51Series.s
Comment: __heap_base used once
__heap_limit 00000000

Symbol: __heap_limit
   Definitions
      At line 28 in file CMSIS\startup_Mini51Series.s
   Uses
      At line 208 in file CMSIS\startup_Mini51Series.s
Comment: __heap_limit used once
4 symbols



ARM Macro Assembler    Page 1 Alphabetic symbol ordering
Relocatable symbols

RESET 00000000

Symbol: RESET
   Definitions
      At line 36 in file CMSIS\startup_Mini51Series.s
   Uses
      None
Comment: RESET unused
__Vectors 00000000

Symbol: __Vectors
   Definitions
      At line 39 in file CMSIS\startup_Mini51Series.s
   Uses
      At line 37 in file CMSIS\startup_Mini51Series.s
Comment: __Vectors used once
2 symbols



ARM Macro Assembler    Page 1 Alphabetic symbol ordering
Relocatable symbols

.text 00000000

Symbol: .text
   Definitions
      At line 92 in file CMSIS\startup_Mini51Series.s
   Uses
      None
Comment: .text unused
ACMP_IRQHandler 0000000E

Symbol: ACMP_IRQHandler
   Definitions
      At line 192 in file CMSIS\startup_Mini51Series.s
   Uses
      At line 83 in file CMSIS\startup_Mini51Series.s
      At line 173 in file CMSIS\startup_Mini51Series.s

ADC_IRQHandler 0000000E

Symbol: ADC_IRQHandler
   Definitions
      At line 194 in file CMSIS\startup_Mini51Series.s
   Uses
      At line 87 in file CMSIS\startup_Mini51Series.s
      At line 175 in file CMSIS\startup_Mini51Series.s

BOD_IRQHandler 0000000E

Symbol: BOD_IRQHandler
   Definitions
      At line 177 in file CMSIS\startup_Mini51Series.s
   Uses
      At line 58 in file CMSIS\startup_Mini51Series.s
      At line 158 in file CMSIS\startup_Mini51Series.s

Default_Handler 0000000E

Symbol: Default_Handler
   Definitions
      At line 156 in file CMSIS\startup_Mini51Series.s
   Uses
      At line 68 in file CMSIS\startup_Mini51Series.s
      At line 69 in file CMSIS\startup_Mini51Series.s
      At line 71 in file CMSIS\startup_Mini51Series.s
      At line 73 in file CMSIS\startup_Mini51Series.s
      At line 77 in file CMSIS\startup_Mini51Series.s
      At line 78 in file CMSIS\startup_Mini51Series.s
      At line 79 in file CMSIS\startup_Mini51Series.s
      At line 80 in file CMSIS\startup_Mini51Series.s
      At line 81 in file CMSIS\startup_Mini51Series.s
      At line 82 in file CMSIS\startup_Mini51Series.s
      At line 84 in file CMSIS\startup_Mini51Series.s
      At line 85 in file CMSIS\startup_Mini51Series.s
      At line 88 in file CMSIS\startup_Mini51Series.s
      At line 89 in file CMSIS\startup_Mini51Series.s

EINT0_IRQHandler 0000000E

Symbol: EINT0_IRQHandler



ARM Macro Assembler    Page 2 Alphabetic symbol ordering
Relocatable symbols

   Definitions
      At line 179 in file CMSIS\startup_Mini51Series.s
   Uses
      At line 60 in file CMSIS\startup_Mini51Series.s
      At line 160 in file CMSIS\startup_Mini51Series.s

EINT1_IRQHandler 0000000E

Symbol: EINT1_IRQHandler
   Definitions
      At line 180 in file CMSIS\startup_Mini51Series.s
   Uses
      At line 61 in file CMSIS\startup_Mini51Series.s
      At line 161 in file CMSIS\startup_Mini51Series.s

FB_IRQHandler 0000000E

Symbol: FB_IRQHandler
   Definitions
      At line 184 in file CMSIS\startup_Mini51Series.s
   Uses
      At line 65 in file CMSIS\startup_Mini51Series.s
      At line 165 in file CMSIS\startup_Mini51Series.s

GPIO01_IRQHandler 0000000E

Symbol: GPIO01_IRQHandler
   Definitions
      At line 181 in file CMSIS\startup_Mini51Series.s
   Uses
      At line 62 in file CMSIS\startup_Mini51Series.s
      At line 162 in file CMSIS\startup_Mini51Series.s

GPIO234_IRQHandler 0000000E

Symbol: GPIO234_IRQHandler
   Definitions
      At line 182 in file CMSIS\startup_Mini51Series.s
   Uses
      At line 63 in file CMSIS\startup_Mini51Series.s
      At line 163 in file CMSIS\startup_Mini51Series.s

GPIO5_IRQHandler 0000000E

Symbol: GPIO5_IRQHandler
   Definitions
      At line 189 in file CMSIS\startup_Mini51Series.s
   Uses
      At line 74 in file CMSIS\startup_Mini51Series.s
      At line 170 in file CMSIS\startup_Mini51Series.s

HIRC_IRQHandler 0000000E

Symbol: HIRC_IRQHandler
   Definitions
      At line 190 in file CMSIS\startup_Mini51Series.s
   Uses
      At line 75 in file CMSIS\startup_Mini51Series.s
      At line 171 in file CMSIS\startup_Mini51Series.s



ARM Macro Assembler    Page 3 Alphabetic symbol ordering
Relocatable symbols


HardFault_Handler 00000006

Symbol: HardFault_Handler
   Definitions
      At line 117 in file CMSIS\startup_Mini51Series.s
   Uses
      At line 42 in file CMSIS\startup_Mini51Series.s
      At line 118 in file CMSIS\startup_Mini51Series.s

I2C_IRQHandler 0000000E

Symbol: I2C_IRQHandler
   Definitions
      At line 191 in file CMSIS\startup_Mini51Series.s
   Uses
      At line 76 in file CMSIS\startup_Mini51Series.s
      At line 172 in file CMSIS\startup_Mini51Series.s

NMI_Handler 00000004

Symbol: NMI_Handler
   Definitions
      At line 112 in file CMSIS\startup_Mini51Series.s
   Uses
      At line 41 in file CMSIS\startup_Mini51Series.s
      At line 113 in file CMSIS\startup_Mini51Series.s

PDWU_IRQHandler 0000000E

Symbol: PDWU_IRQHandler
   Definitions
      At line 193 in file CMSIS\startup_Mini51Series.s
   Uses
      At line 86 in file CMSIS\startup_Mini51Series.s
      At line 174 in file CMSIS\startup_Mini51Series.s

PWM_IRQHandler 0000000E

Symbol: PWM_IRQHandler
   Definitions
      At line 183 in file CMSIS\startup_Mini51Series.s
   Uses
      At line 64 in file CMSIS\startup_Mini51Series.s
      At line 164 in file CMSIS\startup_Mini51Series.s

PendSV_Handler 0000000A

Symbol: PendSV_Handler
   Definitions
      At line 147 in file CMSIS\startup_Mini51Series.s
   Uses
      At line 53 in file CMSIS\startup_Mini51Series.s
      At line 148 in file CMSIS\startup_Mini51Series.s

Reset_Handler 00000000

Symbol: Reset_Handler
   Definitions



ARM Macro Assembler    Page 4 Alphabetic symbol ordering
Relocatable symbols

      At line 100 in file CMSIS\startup_Mini51Series.s
   Uses
      At line 40 in file CMSIS\startup_Mini51Series.s
      At line 101 in file CMSIS\startup_Mini51Series.s

SPI_IRQHandler 0000000E

Symbol: SPI_IRQHandler
   Definitions
      At line 188 in file CMSIS\startup_Mini51Series.s
   Uses
      At line 72 in file CMSIS\startup_Mini51Series.s
      At line 169 in file CMSIS\startup_Mini51Series.s

SVC_Handler 00000008

Symbol: SVC_Handler
   Definitions
      At line 143 in file CMSIS\startup_Mini51Series.s
   Uses
      At line 50 in file CMSIS\startup_Mini51Series.s
      At line 144 in file CMSIS\startup_Mini51Series.s

SysTick_Handler 0000000C

Symbol: SysTick_Handler
   Definitions
      At line 151 in file CMSIS\startup_Mini51Series.s
   Uses
      At line 54 in file CMSIS\startup_Mini51Series.s
      At line 152 in file CMSIS\startup_Mini51Series.s

TMR0_IRQHandler 0000000E

Symbol: TMR0_IRQHandler
   Definitions
      At line 185 in file CMSIS\startup_Mini51Series.s
   Uses
      At line 66 in file CMSIS\startup_Mini51Series.s
      At line 166 in file CMSIS\startup_Mini51Series.s

TMR1_IRQHandler 0000000E

Symbol: TMR1_IRQHandler
   Definitions
      At line 186 in file CMSIS\startup_Mini51Series.s
   Uses
      At line 67 in file CMSIS\startup_Mini51Series.s
      At line 167 in file CMSIS\startup_Mini51Series.s

UART_IRQHandler 0000000E

Symbol: UART_IRQHandler
   Definitions
      At line 187 in file CMSIS\startup_Mini51Series.s
   Uses
      At line 70 in file CMSIS\startup_Mini51Series.s
      At line 168 in file CMSIS\startup_Mini51Series.s




ARM Macro Assembler    Page 5 Alphabetic symbol ordering
Relocatable symbols

WDT_IRQHandler 0000000E

Symbol: WDT_IRQHandler
   Definitions
      At line 178 in file CMSIS\startup_Mini51Series.s
   Uses
      At line 59 in file CMSIS\startup_Mini51Series.s
      At line 159 in file CMSIS\startup_Mini51Series.s

26 symbols



ARM Macro Assembler    Page 1 Alphabetic symbol ordering
Absolute symbols

Heap_Size 00000000

Symbol: Heap_Size
   Definitions
      At line 23 in file CMSIS\startup_Mini51Series.s
   Uses
      At line 27 in file CMSIS\startup_Mini51Series.s
Comment: Heap_Size used once
Stack_Size 00000200

Symbol: Stack_Size
   Definitions
      At line 12 in file CMSIS\startup_Mini51Series.s
   Uses
      At line 15 in file CMSIS\startup_Mini51Series.s
Comment: Stack_Size used once
2 symbols



ARM Macro Assembler    Page 1 Alphabetic symbol ordering
External symbols

__main 00000000

Symbol: __main
   Definitions
      At line 102 in file CMSIS\startup_Mini51Series.s
   Uses
      At line 104 in file CMSIS\startup_Mini51Series.s
Comment: __main used once
1 symbol
376 symbols in table
